[debug] [2020-11-15T10:39:41.351Z] ----------------------------------------------------------------------
[debug] [2020-11-15T10:39:41.353Z] Command:       /snap/node/3292/bin/node /usr/local/bin/firebase deploy --token 
[debug] [2020-11-15T10:39:41.353Z] CLI Version:   8.16.2
[debug] [2020-11-15T10:39:41.353Z] Platform:      linux
[debug] [2020-11-15T10:39:41.353Z] Node Version:  v12.19.0
[debug] [2020-11-15T10:39:41.354Z] Time:          Sun Nov 15 2020 16:09:41 GMT+0530 (India Standard Time)
[debug] [2020-11-15T10:39:41.354Z] ----------------------------------------------------------------------
[debug] [2020-11-15T10:39:41.354Z] 
[debug] [2020-11-15T10:39:41.359Z] > command requires scopes: ["email","openid","https://www.googleapis.com/auth/cloudplatformprojects.readonly","https://www.googleapis.com/auth/firebase","https://www.googleapis.com/auth/cloud-platform"]
[debug] [2020-11-15T10:39:41.359Z] > authorizing via signed-in user
[debug] [2020-11-15T10:39:41.360Z] [iam] checking project jivaandan for permissions ["firebase.projects.get","firebasehosting.sites.update"]
[debug] [2020-11-15T10:39:41.362Z] >>> HTTP REQUEST POST https://cloudresourcemanager.googleapis.com/v1/projects/jivaandan:testIamPermissions  
 {"permissions":["firebase.projects.get","firebasehosting.sites.update"]}
[debug] [2020-11-15T10:39:41.925Z] <<< HTTP RESPONSE 200 {"content-type":"application/json; charset=UTF-8","vary":"X-Origin, Referer, Origin,Accept-Encoding","date":"Sun, 15 Nov 2020 10:39:41 GMT","server":"ESF","cache-control":"private","x-xss-protection":"0","x-frame-options":"SAMEORIGIN","x-content-type-options":"nosniff","server-timing":"gfet4t7; dur=271","alt-svc":"h3-Q050=\":443\"; ma=2592000,h3-29=\":443\"; ma=2592000,h3-T051=\":443\"; ma=2592000,h3-Q046=\":443\"; ma=2592000,h3-Q043=\":443\"; ma=2592000,quic=\":443\"; ma=2592000; v=\"46,43\"","accept-ranges":"none","transfer-encoding":"chunked"}
[debug] [2020-11-15T10:39:41.927Z] >>> HTTP REQUEST GET https://firebase.googleapis.com/v1beta1/projects/jivaandan  
 
[debug] [2020-11-15T10:39:42.350Z] <<< HTTP RESPONSE 200 {"content-type":"application/json; charset=UTF-8","vary":"X-Origin, Referer, Origin,Accept-Encoding","date":"Sun, 15 Nov 2020 10:39:42 GMT","server":"ESF","cache-control":"private","x-xss-protection":"0","x-frame-options":"SAMEORIGIN","x-content-type-options":"nosniff","alt-svc":"h3-Q050=\":443\"; ma=2592000,h3-29=\":443\"; ma=2592000,h3-T051=\":443\"; ma=2592000,h3-Q046=\":443\"; ma=2592000,h3-Q043=\":443\"; ma=2592000,quic=\":443\"; ma=2592000; v=\"46,43\"","accept-ranges":"none","transfer-encoding":"chunked"}
[info] 
[info] === Deploying to 'jivaandan'...
[info] 
[info] i  deploying hosting 
[debug] [2020-11-15T10:39:42.358Z] >>> HTTP REQUEST POST https://firebasehosting.googleapis.com/v1beta1/sites/jivaandan/versions  
 {"config":{"rewrites":[{"glob":"**","path":"/index.html"}]},"labels":{"deployment-tool":"cli-firebase"}}
